Determining if the pthread_create exist failed with the following output:
Change Dir: /project/simplewallet/cxxprocessor/build/CMakeFiles/CMakeTmp

Run Build Command:"/usr/bin/make" "cmTC_53b5a/fast"
/usr/bin/make -f CMakeFiles/cmTC_53b5a.dir/build.make CMakeFiles/cmTC_53b5a.dir/build
make[1]: Entering directory '/project/simplewallet/cxxprocessor/build/CMakeFiles/CMakeTmp'
Building CXX object CMakeFiles/cmTC_53b5a.dir/CheckSymbolExists.cxx.o
/usr/bin/c++      -o CMakeFiles/cmTC_53b5a.dir/CheckSymbolExists.cxx.o -c /project/simplewallet/cxxprocessor/build/CMakeFiles/CMakeTmp/CheckSymbolExists.cxx
Linking CXX executable cmTC_53b5a
/usr/bin/cmake -E cmake_link_script CMakeFiles/cmTC_53b5a.dir/link.txt --verbose=1
/usr/bin/c++        CMakeFiles/cmTC_53b5a.dir/CheckSymbolExists.cxx.o  -o cmTC_53b5a 
CMakeFiles/cmTC_53b5a.dir/CheckSymbolExists.cxx.o: In function `main':
CheckSymbolExists.cxx:(.text+0x16): undefined reference to `pthread_create'
collect2: error: ld returned 1 exit status
CMakeFiles/cmTC_53b5a.dir/build.make:97: recipe for target 'cmTC_53b5a' failed
make[1]: *** [cmTC_53b5a] Error 1
make[1]: Leaving directory '/project/simplewallet/cxxprocessor/build/CMakeFiles/CMakeTmp'
Makefile:126: recipe for target 'cmTC_53b5a/fast' failed
make: *** [cmTC_53b5a/fast] Error 2

File /project/simplewallet/cxxprocessor/build/CMakeFiles/CMakeTmp/CheckSymbolExists.cxx:
/* */
#include <pthread.h>

int main(int argc, char** argv)
{
  (void)argv;
#ifndef pthread_create
  return ((int*)(&pthread_create))[argc];
#else
  (void)argc;
  return 0;
#endif
}

Determining if the function pthread_create exists in the pthreads failed with the following output:
Change Dir: /project/simplewallet/cxxprocessor/build/CMakeFiles/CMakeTmp

Run Build Command:"/usr/bin/make" "cmTC_94c3a/fast"
/usr/bin/make -f CMakeFiles/cmTC_94c3a.dir/build.make CMakeFiles/cmTC_94c3a.dir/build
make[1]: Entering directory '/project/simplewallet/cxxprocessor/build/CMakeFiles/CMakeTmp'
Building CXX object CMakeFiles/cmTC_94c3a.dir/CheckFunctionExists.cxx.o
/usr/bin/c++     -DCHECK_FUNCTION_EXISTS=pthread_create   -o CMakeFiles/cmTC_94c3a.dir/CheckFunctionExists.cxx.o -c /project/simplewallet/cxxprocessor/build/CMakeFiles/CheckLibraryExists/CheckFunctionExists.cxx
Linking CXX executable cmTC_94c3a
/usr/bin/cmake -E cmake_link_script CMakeFiles/cmTC_94c3a.dir/link.txt --verbose=1
/usr/bin/c++    -DCHECK_FUNCTION_EXISTS=pthread_create    CMakeFiles/cmTC_94c3a.dir/CheckFunctionExists.cxx.o  -o cmTC_94c3a -lpthreads 
/usr/bin/ld: cannot find -lpthreads
collect2: error: ld returned 1 exit status
CMakeFiles/cmTC_94c3a.dir/build.make:97: recipe for target 'cmTC_94c3a' failed
make[1]: *** [cmTC_94c3a] Error 1
make[1]: Leaving directory '/project/simplewallet/cxxprocessor/build/CMakeFiles/CMakeTmp'
Makefile:126: recipe for target 'cmTC_94c3a/fast' failed
make: *** [cmTC_94c3a/fast] Error 2


